<?xml version="1.0" encoding="UTF-8"?>
<testng-results ignored="0" total="1" passed="1" failed="0" skipped="0">
  <reporter-output>
  </reporter-output>
  <suite started-at="2021-10-09T22:24:24 IST" name="Default suite" finished-at="2021-10-09T22:25:17 IST" duration-ms="52900">
    <groups>
    </groups>
    <test started-at="2021-10-09T22:24:24 IST" name="Default test" finished-at="2021-10-09T22:25:17 IST" duration-ms="52900">
      <class name="Day_023_File_Upload_Download.TC03_FileUpload">
        <test-method signature="File_upload()[pri:0, instance:Day_023_File_Upload_Download.TC03_FileUpload@23c30a20]" started-at="2021-10-09T22:24:24 IST" name="File_upload" finished-at="2021-10-09T22:25:17 IST" duration-ms="52817" status="PASS">
          <reporter-output>
          </reporter-output>
        </test-method> <!-- File_upload -->
      </class> <!-- Day_023_File_Upload_Download.TC03_FileUpload -->
    </test> <!-- Default test -->
  </suite> <!-- Default suite -->
</testng-results>
